<?xml version="1.0" encoding="UTF-8"?>
<testsuite xmlns:xsi="http://www.w3.org/2001/XMLSchema-instance" xsi:noNamespaceSchemaLocation="https://maven.apache.org/surefire/maven-surefire-plugin/xsd/surefire-test-report.xsd" name="checkout.RunCukesTest" time="23.343" tests="6" errors="1" skipped="1" failures="2">
  <properties>
[...]
</properties>
  <testcase name="Given my account has been credited with $100.00" classname="Scenario: Successful withdrawal from an account in credit" time="0.004"/>
  <testcase name="When I withdraw $20" classname="Scenario: Successful withdrawal from an account in credit" time="0"/>
  <testcase name="Then $20 should be dispensed" classname="Scenario: Successful withdrawal from an account in credit" time="0.009">
    <failure message="Incorrect amount dispensed - expected:&lt;20&gt; but was:&lt;0&gt;" type="java.lang.AssertionError"><![CDATA[java.lang.AssertionError: Incorrect amount dispensed - expected:<20> but was:<0>
]]></failure>
  </testcase>
  <testcase name="Scenario: Successful withdrawal from an account in credit" classname="Scenario: Successful withdrawal from an account in credit" time="0.009">
    <failure message="Incorrect amount dispensed - expected:&lt;20&gt; but was:&lt;0&gt;" type="java.lang.AssertionError"><![CDATA[java.lang.AssertionError: Incorrect amount dispensed - expected:<20> but was:<0>
]]></failure>
  </testcase>
  <testcase name="Scenario: Successful withdrawal from an account in credit" classname="Scenario: Successful withdrawal from an account in credit" time="0.014">
    <error message="Can&apos;t call rollback when autocommit=true" type="org.javalite.activejdbc.DBException">org.javalite.activejdbc.DBException: Can't call rollback when autocommit=true
Caused by: com.mysql.jdbc.exceptions.jdbc4.MySQLNonTransientConnectionException: Can't call rollback when autocommit=true
</error>
  </testcase>
  <testcase name="And the balance of my account should be $80.00" classname="Scenario: Successful withdrawal from an account in credit" time="0">
    <skipped/>
  </testcase>
</testsuite>